#
# A fatal error has been detected by the Java Runtime Environment:
#
#  EXCEPTION_UNCAUGHT_CXX_EXCEPTION (0xe06d7363) at pc=0x7726c41f, pid=2444, tid=2580
#
# JRE version: 7.0_17-b02
# Java VM: Java HotSpot(TM) Client VM (23.7-b01 mixed mode, sharing windows-x86 )
# Problematic frame:
# C  [KERNELBASE.dll+0xc41f]  RaiseException+0x58
#
# Failed to write core dump. Minidumps are not enabled by default on client versions of Windows
#
# If you would like to submit a bug report, please visit:
#   http://bugreport.sun.com/bugreport/crash.jsp
# The crash happened outside the Java Virtual Machine in native code.
# See problematic frame for where to report the bug.
#

---------------  T H R E A D  ---------------

Current thread (0x001db400):  JavaThread "main" [_thread_in_native, id=2580, stack(0x00470000,0x004c0000)]

siginfo: ExceptionCode=0xe06d7363, ExceptionInformation=0x19930520 0x004ae43c 0x6a7515bc 

Registers:
EAX=0x004ae398, EBX=0x00000541, ECX=0x00000003, EDX=0x00000000
ESP=0x004ae398, EBP=0x004ae3e8, ESI=0x004bf614, EDI=0x6ec41ec6
EIP=0x7726c41f, EFLAGS=0x00000212

Top of Stack: (sp=0x004ae398)
0x004ae398:   e06d7363 00000001 00000000 7726c41f
0x004ae3a8:   00000003 19930520 004ae43c 6a7515bc
0x004ae3b8:   00000000 047613f0 004ae4a0 004ae3ac
0x004ae3c8:   004ae4a0 0000002f 004ae3f0 6a5840fe
0x004ae3d8:   047613f0 04761428 0000002f 004bf614
0x004ae3e8:   004ae420 6ec57819 e06d7363 00000001
0x004ae3f8:   00000003 004ae414 e06d7363 00000001
0x004ae408:   00000000 00000000 00000003 19930520 

Instructions: (pc=0x7726c41f)
0x7726c3ff:   02 50 ff 75 14 8d 45 c4 50 e8 35 ad 02 00 83 c4
0x7726c40f:   0c eb 03 89 45 c0 8d 45 b0 50 ff 15 5c 11 26 77
0x7726c41f:   c9 c2 10 00 cc cc cc cc cc 8b ff 55 8b ec 56 8b
0x7726c42f:   75 08 83 fe f4 72 18 83 fe f6 77 13 8d 45 08 50 


Register to memory mapping:

EAX=0x004ae398 is pointing into the stack for thread: 0x001db400
EBX=0x00000541 is an unknown value
ECX=0x00000003 is an unknown value
EDX=0x00000000 is an unknown value
ESP=0x004ae398 is pointing into the stack for thread: 0x001db400
EBP=0x004ae3e8 is pointing into the stack for thread: 0x001db400
ESI=0x004bf614 is pointing into the stack for thread: 0x001db400
EDI=0x6ec41ec6 is an unknown value


Stack: [0x00470000,0x004c0000],  sp=0x004ae398,  free space=248k
Native frames: (J=compiled Java code, j=interpreted, Vv=VM code, C=native code)
C  [KERNELBASE.dll+0xc41f]  RaiseException+0x58
C  [msvcr100.dll+0x27819]  CxxThrowException+0x45

Java frames: (J=compiled Java code, j=interpreted, Vv=VM code)
j  com.googlecode.javacv.cpp.opencv_core.cvAddS(Lcom/googlecode/javacv/cpp/opencv_core$CvArr;Lcom/googlecode/javacv/cpp/opencv_core$CvScalar;Lcom/googlecode/javacv/cpp/opencv_core$CvArr;Lcom/googlecode/javacv/cpp/opencv_core$CvArr;)V+0
j  main.Test.main([Ljava/lang/String;)V+37
v  ~StubRoutines::call_stub

---------------  P R O C E S S  ---------------

Java Threads: ( => current thread )
  0x00a1b000 JavaThread "Service Thread" daemon [_thread_blocked, id=3220, stack(0x045a0000,0x045f0000)]
  0x00a0d800 JavaThread "C1 CompilerThread0" daemon [_thread_blocked, id=4620, stack(0x04540000,0x04590000)]
  0x00a0c400 JavaThread "Attach Listener" daemon [_thread_blocked, id=3800, stack(0x04480000,0x044d0000)]
  0x00a09400 JavaThread "Signal Dispatcher" daemon [_thread_blocked, id=3932, stack(0x043b0000,0x04400000)]
  0x009f9400 JavaThread "Finalizer" daemon [_thread_blocked, id=4552, stack(0x04340000,0x04390000)]
  0x009eec00 JavaThread "Reference Handler" daemon [_thread_blocked, id=3492, stack(0x041f0000,0x04240000)]
=>0x001db400 JavaThread "main" [_thread_in_native, id=2580, stack(0x00470000,0x004c0000)]

Other Threads:
  0x009f3000 VMThread [stack: 0x00c10000,0x00c60000] [id=3164]
  0x00a2d400 WatcherThread [stack: 0x04640000,0x04690000] [id=4640]

VM state:not at safepoint (normal execution)

VM Mutex/Monitor currently owned by a thread: None

Heap
 def new generation   total 4928K, used 1369K [0x23f90000, 0x244e0000, 0x294e0000)
  eden space 4416K,  19% used [0x23f90000, 0x24066788, 0x243e0000)
  from space 512K, 100% used [0x24460000, 0x244e0000, 0x244e0000)
  to   space 512K,   0% used [0x243e0000, 0x243e0000, 0x24460000)
 tenured generation   total 10944K, used 372K [0x294e0000, 0x29f90000, 0x33f90000)
   the space 10944K,   3% used [0x294e0000, 0x2953d170, 0x2953d200, 0x29f90000)
 compacting perm gen  total 12288K, used 1038K [0x33f90000, 0x34b90000, 0x37f90000)
   the space 12288K,   8% used [0x33f90000, 0x34093a50, 0x34093c00, 0x34b90000)
    ro space 10240K,  42% used [0x37f90000, 0x383d1d60, 0x383d1e00, 0x38990000)
    rw space 12288K,  54% used [0x38990000, 0x39012928, 0x39012a00, 0x39590000)

Card table byte_map: [0x00a30000,0x00ae0000] byte_map_base: 0x00910380

Polling page: 0x00190000

Code Cache  [0x020a0000, 0x02158000, 0x040a0000)
 total_blobs=261 nmethods=87 adapters=109 free_code_cache=32032Kb largest_free_block=32801664

Compilation events (10 events):
Event: 0.217 Thread 0x00a0d800   83             sun.reflect.generics.parser.SignatureParser::advance (37 bytes)
Event: 0.217 Thread 0x00a0d800 nmethod 83 0x02156988 code [0x02156a80, 0x02156b00]
Event: 0.217 Thread 0x00a0d800   84             java.lang.Character::isWhitespace (5 bytes)
Event: 0.217 Thread 0x00a0d800 nmethod 84 0x02156b48 code [0x02156c50, 0x02156cf8]
Event: 0.217 Thread 0x00a0d800   85             java.lang.Character::isWhitespace (9 bytes)
Event: 0.217 Thread 0x00a0d800 nmethod 85 0x02156d88 code [0x02156e90, 0x02156f38]
Event: 0.217 Thread 0x00a0d800   86             java.lang.CharacterDataLatin1::isWhitespace (23 bytes)
Event: 0.217 Thread 0x00a0d800 nmethod 86 0x02156fc8 code [0x021570c0, 0x02157180]
Event: 0.217 Thread 0x00a0d800   87             sun.reflect.generics.parser.SignatureParser::parseIdentifier (115 bytes)
Event: 0.217 Thread 0x00a0d800 nmethod 87 0x02157288 code [0x02157400, 0x02157790]

GC Heap History (2 events):
Event: 0.184 GC heap before
{Heap before GC invocations=0 (full 0):
 def new generation   total 4928K, used 4416K [0x23f90000, 0x244e0000, 0x294e0000)
  eden space 4416K, 100% used [0x23f90000, 0x243e0000, 0x243e0000)
  from space 512K,   0% used [0x243e0000, 0x243e0000, 0x24460000)
  to   space 512K,   0% used [0x24460000, 0x24460000, 0x244e0000)
 tenured generation   total 10944K, used 0K [0x294e0000, 0x29f90000, 0x33f90000)
   the space 10944K,   0% used [0x294e0000, 0x294e0000, 0x294e0200, 0x29f90000)
 compacting perm gen  total 12288K, used 935K [0x33f90000, 0x34b90000, 0x37f90000)
   the space 12288K,   7% used [0x33f90000, 0x34079d10, 0x34079e00, 0x34b90000)
    ro space 10240K,  42% used [0x37f90000, 0x383d1d60, 0x383d1e00, 0x38990000)
    rw space 12288K,  54% used [0x38990000, 0x39012928, 0x39012a00, 0x39590000)
Event: 0.187 GC heap after
Heap after GC invocations=1 (full 0):
 def new generation   total 4928K, used 512K [0x23f90000, 0x244e0000, 0x294e0000)
  eden space 4416K,   0% used [0x23f90000, 0x23f90000, 0x243e0000)
  from space 512K, 100% used [0x24460000, 0x244e0000, 0x244e0000)
  to   space 512K,   0% used [0x243e0000, 0x243e0000, 0x24460000)
 tenured generation   total 10944K, used 372K [0x294e0000, 0x29f90000, 0x33f90000)
   the space 10944K,   3% used [0x294e0000, 0x2953d170, 0x2953d200, 0x29f90000)
 compacting perm gen  total 12288K, used 935K [0x33f90000, 0x34b90000, 0x37f90000)
   the space 12288K,   7% used [0x33f90000, 0x34079d10, 0x34079e00, 0x34b90000)
    ro space 10240K,  42% used [0x37f90000, 0x383d1d60, 0x383d1e00, 0x38990000)
    rw space 12288K,  54% used [0x38990000, 0x39012928, 0x39012a00, 0x39590000)
}

Deoptimization events (0 events):
No events

Internal exceptions (10 events):
Event: 0.191 Thread 0x001db400 Threw 0x23fd3718 at C:\jdk7u2_32P\jdk7u17\hotspot\src\share\vm\prims\jvm.cpp:1166
Event: 0.191 Thread 0x001db400 Threw 0x23fd8ca0 at C:\jdk7u2_32P\jdk7u17\hotspot\src\share\vm\prims\jvm.cpp:1166
Event: 0.192 Thread 0x001db400 Threw 0x23fde820 at C:\jdk7u2_32P\jdk7u17\hotspot\src\share\vm\prims\jvm.cpp:1166
Event: 0.192 Thread 0x001db400 Threw 0x23fe3e90 at C:\jdk7u2_32P\jdk7u17\hotspot\src\share\vm\prims\jvm.cpp:1166
Event: 0.193 Thread 0x001db400 Threw 0x23fe9670 at C:\jdk7u2_32P\jdk7u17\hotspot\src\share\vm\prims\jvm.cpp:1166
Event: 0.193 Thread 0x001db400 Threw 0x23fefdf8 at C:\jdk7u2_32P\jdk7u17\hotspot\src\share\vm\prims\jvm.cpp:1166
Event: 0.193 Thread 0x001db400 Threw 0x23ff56a0 at C:\jdk7u2_32P\jdk7u17\hotspot\src\share\vm\prims\jvm.cpp:1166
Event: 0.194 Thread 0x001db400 Threw 0x23ff99e8 at C:\jdk7u2_32P\jdk7u17\hotspot\src\share\vm\prims\jvm.cpp:1166
Event: 0.216 Thread 0x001db400 Threw 0x2403f008 at C:\jdk7u2_32P\jdk7u17\hotspot\src\share\vm\prims\jvm.cpp:1166
Event: 0.216 Thread 0x001db400 Threw 0x240435c8 at C:\jdk7u2_32P\jdk7u17\hotspot\src\share\vm\prims\jvm.cpp:1166

Events (10 events):
Event: 0.194 loading class 0x046cda60
Event: 0.194 loading class 0x046cda60 done
Event: 0.214 loading class 0x3968a528
Event: 0.214 loading class 0x3968a528 done
Event: 0.216 loading class 0x046cd238
Event: 0.216 loading class 0x046cd238 done
Event: 0.216 loading class 0x047a37a8
Event: 0.216 loading class 0x047a37a8 done
Event: 0.218 loading class 0x395b05d0
Event: 0.218 loading class 0x395b05d0 done


Dynamic libraries:
0x00c70000 - 0x00c9f000 	C:\Program Files (x86)\Java\jre7\bin\javaw.exe
0x77790000 - 0x77910000 	C:\Windows\SysWOW64\ntdll.dll
0x767f0000 - 0x76900000 	C:\Windows\syswow64\kernel32.dll
0x77260000 - 0x772a7000 	C:\Windows\syswow64\KERNELBASE.dll
0x76ec0000 - 0x76f60000 	C:\Windows\syswow64\ADVAPI32.dll
0x76e10000 - 0x76ebc000 	C:\Windows\syswow64\msvcrt.dll
0x767d0000 - 0x767e9000 	C:\Windows\SysWOW64\sechost.dll
0x76290000 - 0x76380000 	C:\Windows\syswow64\RPCRT4.dll
0x752f0000 - 0x75350000 	C:\Windows\syswow64\SspiCli.dll
0x752e0000 - 0x752ec000 	C:\Windows\syswow64\CRYPTBASE.dll
0x76900000 - 0x76a00000 	C:\Windows\syswow64\USER32.dll
0x772e0000 - 0x77370000 	C:\Windows\syswow64\GDI32.dll
0x753a0000 - 0x753aa000 	C:\Windows\syswow64\LPK.dll
0x771c0000 - 0x7725d000 	C:\Windows\syswow64\USP10.dll
0x74470000 - 0x7460e000 	C:\Windows\WinSxS\x86_microsoft.windows.common-controls_6595b64144ccf1df_6.0.7601.17514_none_41e6975e2bd6f2b2\COMCTL32.dll
0x76f90000 - 0x76fe7000 	C:\Windows\syswow64\SHLWAPI.dll
0x76ba0000 - 0x76c00000 	C:\Windows\system32\IMM32.DLL
0x76380000 - 0x7644c000 	C:\Windows\syswow64\MSCTF.dll
0x6ec30000 - 0x6ecee000 	C:\Program Files (x86)\Java\jre7\bin\msvcr100.dll
0x701d0000 - 0x7051c000 	C:\Program Files (x86)\Java\jre7\bin\client\jvm.dll
0x742a0000 - 0x742a7000 	C:\Windows\system32\WSOCK32.dll
0x76c70000 - 0x76ca5000 	C:\Windows\syswow64\WS2_32.dll
0x76250000 - 0x76256000 	C:\Windows\syswow64\NSI.dll
0x74260000 - 0x74292000 	C:\Windows\system32\WINMM.dll
0x77760000 - 0x77765000 	C:\Windows\syswow64\PSAPI.DLL
0x735f0000 - 0x735fc000 	C:\Program Files (x86)\Java\jre7\bin\verify.dll
0x735d0000 - 0x735f0000 	C:\Program Files (x86)\Java\jre7\bin\java.dll
0x735b0000 - 0x735c3000 	C:\Program Files (x86)\Java\jre7\bin\zip.dll
0x72800000 - 0x72869000 	C:\Windows\System32\msvcp100.dll
0x6a580000 - 0x6a77f000 	C:\opencv\build\x86\vc10\bin\opencv_core245.dll
0x6b150000 - 0x6b1c4000 	C:\Users\Rune\AppData\Local\Temp\javacpp8320827963735\jniopencv_core.dll
0x69e50000 - 0x6a0b1000 	C:\opencv\build\x86\vc10\bin\opencv_imgproc245.dll
0x70550000 - 0x70589000 	C:\Users\Rune\AppData\Local\Temp\javacpp8320827963735\jniopencv_imgproc.dll
0x70fc0000 - 0x71d59000 	C:\opencv\build\x86\vc10\bin\opencv_ffmpeg245.dll
0x68df0000 - 0x68ffa000 	C:\opencv\build\x86\vc10\bin\opencv_highgui245.dll
0x76cb0000 - 0x76e0c000 	C:\Windows\syswow64\ole32.dll
0x77130000 - 0x771bf000 	C:\Windows\syswow64\OLEAUT32.dll
0x728d0000 - 0x728e9000 	C:\Windows\system32\AVIFIL32.dll
0x72760000 - 0x72774000 	C:\Windows\system32\MSACM32.dll
0x6e040000 - 0x6e061000 	C:\Windows\system32\MSVFW32.dll
0x75570000 - 0x761ba000 	C:\Windows\syswow64\SHELL32.dll
0x72a50000 - 0x72a63000 	C:\Windows\system32\AVICAP32.dll
0x742c0000 - 0x742c9000 	C:\Windows\system32\VERSION.dll
0x73760000 - 0x7376f000 	C:\Users\Rune\AppData\Local\Temp\javacpp8320827963735\jniopencv_highgui.dll
0x74be0000 - 0x74ccb000 	C:\Windows\system32\dbghelp.dll

VM Arguments:
jvm_args: -Dfile.encoding=Cp1252 -Xbootclasspath/a:C:\Program Files (x86)\leJOS NXJ\lib\pc\3rdparty\bcel.jar;C:\Program Files (x86)\leJOS NXJ\lib\pc\3rdparty\bluecove-gpl.jar;C:\Program Files (x86)\leJOS NXJ\lib\pc\3rdparty\bluecove.jar;C:\Program Files (x86)\leJOS NXJ\lib\pc\3rdparty\commons-cli.jar;C:\Program Files (x86)\leJOS NXJ\lib\pc\3rdparty\jcommon.jar;C:\Program Files (x86)\leJOS NXJ\lib\pc\3rdparty\jfreechart.jar;C:\Program Files (x86)\leJOS NXJ\lib\pc\3rdparty\stax-api-1.0.1.jar;C:\Program Files (x86)\leJOS NXJ\lib\pc\charting.jar;C:\Program Files (x86)\leJOS NXJ\lib\pc\jtools.jar;C:\Program Files (x86)\leJOS NXJ\lib\pc\pccomm.jar;C:\Program Files (x86)\leJOS NXJ\lib\pc\pctools.jar 
java_command: main.Test
Launcher Type: SUN_STANDARD

Environment Variables:
PATH=C:/Program Files (x86)/Java/jre7/bin/client;C:/Program Files (x86)/Java/jre7/bin;C:/Program Files (x86)/Java/jre7/lib/i386;C:\Windows\system32;C:\Windows;C:\Windows\System32\Wbem;C:\Windows\System32\WindowsPowerShell\v1.0\;C:\Program Files (x86)\Intel\OpenCL SDK\2.0\bin\x86;C:\Program Files (x86)\Intel\OpenCL SDK\2.0\bin\x64;C:\opencv\build\x64\vc10;C:\Program Files (x86)\eclipse;
USERNAME=Rune
OS=Windows_NT
PROCESSOR_IDENTIFIER=Intel64 Family 6 Model 58 Stepping 9, GenuineIntel



---------------  S Y S T E M  ---------------

OS: Windows 7 , 64 bit Build 7601 Service Pack 1

CPU:total 4 (2 cores per cpu, 2 threads per core) family 6 model 58 stepping 9, cmov, cx8, fxsr, mmx, sse, sse2, sse3, ssse3, sse4.1, sse4.2, popcnt, avx, ht, tsc, tscinvbit, tscinv

Memory: 4k page, physical 8293060k(5531436k free), swap 16584260k(13504116k free)

vm_info: Java HotSpot(TM) Client VM (23.7-b01) for windows-x86 JRE (1.7.0_17-b02), built on Mar  1 2013 05:04:36 by "java_re" with unknown MS VC++:1600

time: Sun Apr 14 16:10:30 2013
elapsed time: 0 seconds

